<?xml version="1.0" encoding="UTF-8"?>
<!-- Generated by org.testng.reporters.JUnitReportReporter -->
<testsuite skipped="0" hostname="DESKTOP-HCALVB0" name="firstsel.firstselenium" tests="1" failures="0" timestamp="2021-02-04T12:25:21 IST" time="22.964" errors="0">
  <testcase name="test" time="22.964" classname="firstsel.firstselenium"/>
  <system-out/>
</testsuite> <!-- firstsel.firstselenium -->
