<?xml version="1.0" encoding="UTF-8"?>
<!-- Generated by org.testng.reporters.JUnitReportReporter -->
<testsuite skipped="0" hostname="DESKTOP-HCALVB0" name="firstsel.NewTesttestng" tests="1" failures="0" timestamp="2020-10-23T21:06:25 IST" time="0.016" errors="0">
  <testcase name="test" time="0.016" classname="firstsel.NewTesttestng"/>
  <system-out/>
</testsuite> <!-- firstsel.NewTesttestng -->
